2022-12-15 15:59:24.769  INFO 8308 --- [main] lavalink.server.Launcher                 : Starting Launcher using Java 18.0.2 on SEBASTIAN with PID 8308 (C:\Users\zyeho\OneDrive\Documentos\Egirl\cogs\openjdk-18.0.2_windows-x64_bin\jdk-18.0.2\bin\Lavalink.jar started by zyeho in C:\Users\zyeho\OneDrive\Documentos\Egirl\cogs\openjdk-18.0.2_windows-x64_bin\jdk-18.0.2\bin)
2022-12-15 15:59:24.808  INFO 8308 --- [main] lavalink.server.Launcher                 : No active profile set, falling back to 1 default profile: "default"
2022-12-15 15:59:28.308  INFO 8308 --- [main] lavalink.server.Launcher                 : Started Launcher in 5.783 seconds (JVM running for 11.521)
2022-12-15 15:59:28.311  INFO 8308 --- [main] lavalink.server.Launcher                 : You can safely ignore the big red warning about illegal reflection. See https://github.com/freyacodes/Lavalink/issues/295
2022-12-15 15:59:28.501  INFO 8308 --- [main] lavalink.server.Launcher                 : 

[32m       .  [31m _                  _ _       _    [32m__ _ _
[32m      /\\ [31m| | __ ___   ____ _| (_)_ __ | | __[32m\ \ \ \
[32m     ( ( )[31m| |/ _` \ \ / / _` | | | '_ \| |/ /[32m \ \ \ \
[32m      \\/ [31m| | (_| |\ V / (_| | | | | | |   < [32m  ) ) ) )
[32m       '  [31m|_|\__,_| \_/ \__,_|_|_|_| |_|_|\_\[32m / / / /
[0m    =========================================[32m/_/_/_/[0m

	Version:        3.6.2
	Build time:     08.11.2022 09:02:53 UTC
	Branch          HEAD
	Commit:         4782f1f
	Commit time:    08.11.2022 09:01:14 UTC
	JVM:            18.0.2
	Lavaplayer      1.3.99.1-original

2022-12-15 15:59:28.525  INFO 8308 --- [main] lavalink.server.Launcher                 : No active profile set, falling back to 1 default profile: "default"
2022-12-15 15:59:30.998  WARN 8308 --- [main] io.undertow.websockets.jsr               : UT026010: Buffer pool was not set on WebSocketDeploymentInfo, the default pool will be used
2022-12-15 15:59:31.036  INFO 8308 --- [main] io.undertow.servlet                      : Initializing Spring embedded WebApplicationContext
2022-12-15 15:59:31.036  INFO 8308 --- [main] w.s.c.ServletWebServerApplicationContext : Root WebApplicationContext: initialization completed in 2438 ms
2022-12-15 15:59:32.423  INFO 8308 --- [main] c.s.d.l.tools.GarbageCollectionMonitor   : GC monitoring enabled, reporting results every 2 minutes.
2022-12-15 15:59:32.943  INFO 8308 --- [main] lavalink.server.config.KoeConfiguration  : OS: WINDOWS, Arch: X86_64
2022-12-15 15:59:32.943  INFO 8308 --- [main] lavalink.server.config.KoeConfiguration  : Enabling JDA-NAS
2022-12-15 15:59:32.949  INFO 8308 --- [main] c.s.l.c.natives.NativeLibraryLoader      : Native library udpqueue: loading with filter null
2022-12-15 15:59:33.458  INFO 8308 --- [main] c.s.l.c.natives.NativeLibraryLoader      : Native library udpqueue: successfully loaded.
2022-12-15 15:59:33.501  WARN 8308 --- [main] l.server.config.SentryConfiguration      : Turning off sentry
2022-12-15 15:59:34.153  INFO 8308 --- [main] io.undertow                              : starting server: Undertow - 2.2.16.Final
2022-12-15 15:59:34.209  INFO 8308 --- [main] org.xnio                                 : XNIO version 3.8.6.Final
2022-12-15 15:59:34.222  INFO 8308 --- [main] org.xnio.nio                             : XNIO NIO Implementation Version 3.8.6.Final
2022-12-15 15:59:34.639  INFO 8308 --- [main] org.jboss.threads                        : JBoss Threads version 3.1.0.Final
2022-12-15 15:59:34.738  INFO 8308 --- [main] o.s.b.w.e.undertow.UndertowWebServer     : Undertow started on port(s) 2333 (http)
2022-12-15 15:59:34.742  INFO 8308 --- [main] lavalink.server.Launcher                 : Started Launcher in 6.426 seconds (JVM running for 17.956)
2022-12-15 15:59:34.744  INFO 8308 --- [main] lavalink.server.Launcher                 : Lavalink is ready to accept connections.
2022-12-15 16:07:34.345  INFO 1880 --- [main] lavalink.server.Launcher                 : Starting Launcher using Java 18.0.2 on SEBASTIAN with PID 1880 (C:\Users\zyeho\OneDrive\Documentos\Egirl\openjdk-18.0.2_windows-x64_bin\jdk-18.0.2\bin\Lavalink.jar started by zyeho in C:\Users\zyeho\OneDrive\Documentos\Egirl\openjdk-18.0.2_windows-x64_bin\jdk-18.0.2\bin)
2022-12-15 16:07:34.351  INFO 1880 --- [main] lavalink.server.Launcher                 : No active profile set, falling back to 1 default profile: "default"
2022-12-15 16:07:35.932  INFO 1880 --- [main] lavalink.server.Launcher                 : Started Launcher in 2.408 seconds (JVM running for 3.115)
2022-12-15 16:07:35.937  INFO 1880 --- [main] lavalink.server.Launcher                 : You can safely ignore the big red warning about illegal reflection. See https://github.com/freyacodes/Lavalink/issues/295
2022-12-15 16:07:36.012  INFO 1880 --- [main] lavalink.server.Launcher                 : 

[32m       .  [31m _                  _ _       _    [32m__ _ _
[32m      /\\ [31m| | __ ___   ____ _| (_)_ __ | | __[32m\ \ \ \
[32m     ( ( )[31m| |/ _` \ \ / / _` | | | '_ \| |/ /[32m \ \ \ \
[32m      \\/ [31m| | (_| |\ V / (_| | | | | | |   < [32m  ) ) ) )
[32m       '  [31m|_|\__,_| \_/ \__,_|_|_|_| |_|_|\_\[32m / / / /
[0m    =========================================[32m/_/_/_/[0m

	Version:        3.6.2
	Build time:     08.11.2022 09:02:53 UTC
	Branch          HEAD
	Commit:         4782f1f
	Commit time:    08.11.2022 09:01:14 UTC
	JVM:            18.0.2
	Lavaplayer      1.3.99.1-original

2022-12-15 16:07:36.027  INFO 1880 --- [main] lavalink.server.Launcher                 : No active profile set, falling back to 1 default profile: "default"
2022-12-15 16:07:36.759  WARN 1880 --- [main] io.undertow.websockets.jsr               : UT026010: Buffer pool was not set on WebSocketDeploymentInfo, the default pool will be used
2022-12-15 16:07:36.776  INFO 1880 --- [main] io.undertow.servlet                      : Initializing Spring embedded WebApplicationContext
2022-12-15 16:07:36.777  INFO 1880 --- [main] w.s.c.ServletWebServerApplicationContext : Root WebApplicationContext: initialization completed in 742 ms
2022-12-15 16:07:37.257  INFO 1880 --- [main] c.s.d.l.tools.GarbageCollectionMonitor   : GC monitoring enabled, reporting results every 2 minutes.
2022-12-15 16:07:37.423  INFO 1880 --- [main] lavalink.server.config.KoeConfiguration  : OS: WINDOWS, Arch: X86_64
2022-12-15 16:07:37.423  INFO 1880 --- [main] lavalink.server.config.KoeConfiguration  : Enabling JDA-NAS
2022-12-15 16:07:37.427  INFO 1880 --- [main] c.s.l.c.natives.NativeLibraryLoader      : Native library udpqueue: loading with filter null
2022-12-15 16:07:37.438  INFO 1880 --- [main] c.s.l.c.natives.NativeLibraryLoader      : Native library udpqueue: successfully loaded.
2022-12-15 16:07:37.461  WARN 1880 --- [main] l.server.config.SentryConfiguration      : Turning off sentry
2022-12-15 16:07:37.769  INFO 1880 --- [main] io.undertow                              : starting server: Undertow - 2.2.16.Final
2022-12-15 16:07:37.786  INFO 1880 --- [main] org.xnio                                 : XNIO version 3.8.6.Final
2022-12-15 16:07:37.802  INFO 1880 --- [main] org.xnio.nio                             : XNIO NIO Implementation Version 3.8.6.Final
2022-12-15 16:07:37.901  INFO 1880 --- [main] org.jboss.threads                        : JBoss Threads version 3.1.0.Final
2022-12-15 16:07:37.957  INFO 1880 --- [main] o.s.b.w.e.undertow.UndertowWebServer     : Undertow started on port(s) 2333 (http)
2022-12-15 16:07:37.964  INFO 1880 --- [main] lavalink.server.Launcher                 : Started Launcher in 2.022 seconds (JVM running for 5.147)
2022-12-15 16:07:37.969  INFO 1880 --- [main] lavalink.server.Launcher                 : Lavalink is ready to accept connections.
2022-12-15 16:18:36.272  INFO 1880 --- [main] lavalink.server.Launcher                 : Starting Launcher using Java 18.0.2 on SEBASTIAN with PID 1880 (C:\Users\zyeho\OneDrive\Documentos\Egirl\openjdk-18.0.2_windows-x64_bin\jdk-18.0.2\bin\Lavalink.jar started by zyeho in C:\Users\zyeho\OneDrive\Documentos\Egirl\openjdk-18.0.2_windows-x64_bin\jdk-18.0.2\bin)
2022-12-15 16:18:36.315  INFO 1880 --- [main] lavalink.server.Launcher                 : No active profile set, falling back to 1 default profile: "default"
2022-12-15 16:18:38.227  INFO 1880 --- [main] lavalink.server.Launcher                 : Started Launcher in 4.226 seconds (JVM running for 11.076)
2022-12-15 16:18:38.230  INFO 1880 --- [main] lavalink.server.Launcher                 : You can safely ignore the big red warning about illegal reflection. See https://github.com/freyacodes/Lavalink/issues/295
2022-12-15 16:18:38.314  INFO 1880 --- [main] lavalink.server.Launcher                 : 

[32m       .  [31m _                  _ _       _    [32m__ _ _
[32m      /\\ [31m| | __ ___   ____ _| (_)_ __ | | __[32m\ \ \ \
[32m     ( ( )[31m| |/ _` \ \ / / _` | | | '_ \| |/ /[32m \ \ \ \
[32m      \\/ [31m| | (_| |\ V / (_| | | | | | |   < [32m  ) ) ) )
[32m       '  [31m|_|\__,_| \_/ \__,_|_|_|_| |_|_|\_\[32m / / / /
[0m    =========================================[32m/_/_/_/[0m

	Version:        3.6.2
	Build time:     08.11.2022 09:02:53 UTC
	Branch          HEAD
	Commit:         4782f1f
	Commit time:    08.11.2022 09:01:14 UTC
	JVM:            18.0.2
	Lavaplayer      1.3.99.1-original

2022-12-15 16:18:38.321  INFO 1880 --- [main] lavalink.server.Launcher                 : No active profile set, falling back to 1 default profile: "default"
2022-12-15 16:18:40.141  WARN 1880 --- [main] io.undertow.websockets.jsr               : UT026010: Buffer pool was not set on WebSocketDeploymentInfo, the default pool will be used
2022-12-15 16:18:40.169  INFO 1880 --- [main] io.undertow.servlet                      : Initializing Spring embedded WebApplicationContext
2022-12-15 16:18:40.169  INFO 1880 --- [main] w.s.c.ServletWebServerApplicationContext : Root WebApplicationContext: initialization completed in 1844 ms
2022-12-15 16:18:41.016  INFO 1880 --- [main] c.s.d.l.tools.GarbageCollectionMonitor   : GC monitoring enabled, reporting results every 2 minutes.
2022-12-15 16:18:41.424  INFO 1880 --- [main] lavalink.server.config.KoeConfiguration  : OS: WINDOWS, Arch: X86_64
2022-12-15 16:18:41.425  INFO 1880 --- [main] lavalink.server.config.KoeConfiguration  : Enabling JDA-NAS
2022-12-15 16:18:41.433  INFO 1880 --- [main] c.s.l.c.natives.NativeLibraryLoader      : Native library udpqueue: loading with filter null
2022-12-15 16:18:41.559  INFO 1880 --- [main] c.s.l.c.natives.NativeLibraryLoader      : Native library udpqueue: successfully loaded.
2022-12-15 16:18:41.590  WARN 1880 --- [main] l.server.config.SentryConfiguration      : Turning off sentry
2022-12-15 16:18:42.055  INFO 1880 --- [main] io.undertow                              : starting server: Undertow - 2.2.16.Final
2022-12-15 16:18:42.072  INFO 1880 --- [main] org.xnio                                 : XNIO version 3.8.6.Final
2022-12-15 16:18:42.084  INFO 1880 --- [main] org.xnio.nio                             : XNIO NIO Implementation Version 3.8.6.Final
2022-12-15 16:18:42.193  INFO 1880 --- [main] org.jboss.threads                        : JBoss Threads version 3.1.0.Final
2022-12-15 16:18:42.237  INFO 1880 --- [main] o.s.b.w.e.undertow.UndertowWebServer     : Undertow started on port(s) 2333 (http)
2022-12-15 16:18:42.242  INFO 1880 --- [main] lavalink.server.Launcher                 : Started Launcher in 4.007 seconds (JVM running for 15.091)
2022-12-15 16:18:42.243  INFO 1880 --- [main] lavalink.server.Launcher                 : Lavalink is ready to accept connections.
